[debug] [2024-06-01T18:12:13.039Z] ----------------------------------------------------------------------
[debug] [2024-06-01T18:12:13.042Z] Command:       C:\Program Files\nodejs\node.exe C:\Users\lenovo\AppData\Roaming\npm\node_modules\firebase-tools\lib\bin\firebase.js init hosting:github
[debug] [2024-06-01T18:12:13.042Z] CLI Version:   13.10.2
[debug] [2024-06-01T18:12:13.042Z] Platform:      win32
[debug] [2024-06-01T18:12:13.043Z] Node Version:  v20.11.1
[debug] [2024-06-01T18:12:13.043Z] Time:          Sat Jun 01 2024 23:42:13 GMT+0530 (India Standard Time)
[debug] [2024-06-01T18:12:13.043Z] ----------------------------------------------------------------------
[debug] 
[debug] [2024-06-01T18:12:13.134Z] > command requires scopes: ["email","openid","https://www.googleapis.com/auth/cloudplatformprojects.readonly","https://www.googleapis.com/auth/firebase","https://www.googleapis.com/auth/cloud-platform"]
[debug] [2024-06-01T18:12:13.135Z] > authorizing via signed-in user (snehabhavana2001@gmail.com)
[info] 
     ######## #### ########  ######## ########     ###     ######  ########
     ##        ##  ##     ## ##       ##     ##  ##   ##  ##       ##
     ######    ##  ########  ######   ########  #########  ######  ######
     ##        ##  ##    ##  ##       ##     ## ##     ##       ## ##
     ##       #### ##     ## ######## ########  ##     ##  ######  ########

You're about to initialize a Firebase project in this directory:

  C:\Users\lenovo\Desktop

Before we get started, keep in mind:

  * You are initializing within an existing Firebase project directory

[info] 
=== Project Setup
[info] 
[info] First, let's associate this project directory with a Firebase project.
[info] You can create multiple project aliases by running firebase use --add, 
[info] but for now we'll just set up a default project.
[info] 
[debug] [2024-06-01T18:12:23.391Z] Using project from CLI flag: portfolio-b13b7
[debug] [2024-06-01T18:12:23.398Z] >>> [apiv2][query] GET https://firebase.googleapis.com/v1beta1/projects/portfolio-b13b7 [none]
[debug] [2024-06-01T18:12:24.810Z] <<< [apiv2][status] GET https://firebase.googleapis.com/v1beta1/projects/portfolio-b13b7 200
[debug] [2024-06-01T18:12:24.810Z] <<< [apiv2][body] GET https://firebase.googleapis.com/v1beta1/projects/portfolio-b13b7 {"projectId":"portfolio-b13b7","projectNumber":"293276307866","displayName":"portfolio","name":"projects/portfolio-b13b7","resources":{"hostingSite":"portfolio-b13b7"},"state":"ACTIVE","etag":"1_d5f8c16f-ce66-451d-8507-4456edcb6a1b"}
[info] i  Using project portfolio-b13b7 (portfolio) 
[info] 
=== Hosting:github Setup
[info] 
[info] i  Didn't detect a .git folder. Assuming C:\Users\lenovo\Desktop\public is the project root. 
[info] i  Authorizing with GitHub to upload your service account to a GitHub repository's secrets store. 
[info] 
[info] Visit this URL on this device to log in:
[info] https://github.com/login/oauth/authorize?client_id=89cf50f02ac6aaed3484&state=1034662422&redirect_uri=http%3A%2F%2Flocalhost%3A9005&scope=read%3Auser%20repo%20public_repo
[info] 
[info] Waiting for authentication...
[debug] [2024-06-01T18:12:26.761Z] >>> [apiv2][query] POST https://github.com/login/oauth/access_token [none]
[debug] [2024-06-01T18:12:26.761Z] >>> [apiv2][body] POST https://github.com/login/oauth/access_token [stream]
[debug] [2024-06-01T18:12:27.223Z] <<< [apiv2][status] POST https://github.com/login/oauth/access_token 200
[debug] [2024-06-01T18:12:27.223Z] <<< [apiv2][body] POST https://github.com/login/oauth/access_token {"access_token":"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","token_type":"bearer","scope":"read:user,repo"}
[debug] [2024-06-01T18:12:27.237Z] >>> [apiv2][query] GET https://api.github.com/user [none]
[debug] [2024-06-01T18:12:27.703Z] <<< [apiv2][status] GET https://api.github.com/user 200
[debug] [2024-06-01T18:12:27.703Z] <<< [apiv2][body] GET https://api.github.com/user {"login":"SnehaBhavana03","id":157406115,"node_id":"U_kgDOCWHTow","avatar_url":"https://avatars.githubusercontent.com/u/157406115?v=4","gravatar_id":"","url":"https://api.github.com/users/SnehaBhavana03","html_url":"https://github.com/SnehaBhavana03","followers_url":"https://api.github.com/users/SnehaBhavana03/followers","following_url":"https://api.github.com/users/SnehaBhavana03/following{/other_user}","gists_url":"https://api.github.com/users/SnehaBhavana03/gists{/gist_id}","starred_url":"https://api.github.com/users/SnehaBhavana03/starred{/owner}{/repo}","subscriptions_url":"https://api.github.com/users/SnehaBhavana03/subscriptions","organizations_url":"https://api.github.com/users/SnehaBhavana03/orgs","repos_url":"https://api.github.com/users/SnehaBhavana03/repos","events_url":"https://api.github.com/users/SnehaBhavana03/events{/privacy}","received_events_url":"https://api.github.com/users/SnehaBhavana03/received_events","type":"User","site_admin":false,"name":"Sneha Bhavana 03","company":null,"blog":"","location":null,"email":null,"hireable":null,"bio":"computer science engineer","twitter_username":null,"public_repos":2,"public_gists":0,"followers":0,"following":0,"created_at":"2024-01-22T17:42:02Z","updated_at":"2024-05-26T17:50:36Z","private_gists":0,"total_private_repos":0,"owned_private_repos":0,"disk_usage":4,"collaborators":0,"two_factor_authentication":false,"plan":{"name":"free","space":976562499,"collaborators":0,"private_repos":10000}}
[info] 
[info] +  Success! Logged into GitHub as SnehaBhavana03 
[info] 
